1611223360330	geckodriver	INFO	Listening on 127.0.0.1:55406
1611223363438	mozrunner::runner	INFO	Running command: "C:\\Program Files\\Mozilla Firefox\\firefox.exe" "--marionette" "-foreground" "-no-remote" "-profile" "C:\\Users\\ECHAT_~1\\AppData\\Local\\Temp\\rust_mozprofileMAEQVg"
Can't find symbol 'eglSwapBuffersWithDamageEXT'.
Can't find symbol 'eglSetDamageRegionKHR'.
console.warn: SearchSettings: "get: No settings file exists, new profile?" (new Error("", "(unknown module)"))
1611223371369	Marionette	INFO	Listening on port 55419
1611223371501	Marionette	WARN	TLS certificate errors will be ignored for this session
JavaScript error: , line 0: NotAllowedError: The play method is not allowed by the user agent or the platform in the current context, possibly because the user denied permission.
JavaScript error: , line 0: NotAllowedError: The play method is not allowed by the user agent or the platform in the current context, possibly because the user denied permission.
1611223430584	geckodriver	INFO	Listening on 127.0.0.1:55678
1611223433700	mozrunner::runner	INFO	Running command: "C:\\Program Files\\Mozilla Firefox\\firefox.exe" "--marionette" "-foreground" "-no-remote" "-profile" "C:\\Users\\ECHAT_~1\\AppData\\Local\\Temp\\rust_mozprofileSCm58w"
Can't find symbol 'eglSwapBuffersWithDamageEXT'.
Can't find symbol 'eglSetDamageRegionKHR'.
console.warn: SearchSettings: "get: No settings file exists, new profile?" (new Error("", "(unknown module)"))
1611223440182	Marionette	INFO	Listening on port 55689
1611223440723	Marionette	WARN	TLS certificate errors will be ignored for this session
JavaScript error: , line 0: NotAllowedError: The play method is not allowed by the user agent or the platform in the current context, possibly because the user denied permission.
JavaScript error: , line 0: NotAllowedError: The play method is not allowed by the user agent or the platform in the current context, possibly because the user denied permission.
JavaScript error: , line 0: NotAllowedError: The play method is not allowed by the user agent or the platform in the current context, possibly because the user denied permission.
JavaScript error: , line 0: NotAllowedError: The play method is not allowed by the user agent or the platform in the current context, possibly because the user denied permission.
1611306207601	Marionette	INFO	Stopped listening on port 55689
1611627978716	geckodriver	INFO	Listening on 127.0.0.1:59732
1611627981746	mozrunner::runner	INFO	Running command: "C:\\Program Files\\Mozilla Firefox\\firefox.exe" "--marionette" "-foreground" "-no-remote" "-profile" "C:\\Users\\ECHAT_~1\\AppData\\Local\\Temp\\rust_mozprofilee68veB"
Can't find symbol 'eglSwapBuffersWithDamageEXT'.
Can't find symbol 'eglSetDamageRegionKHR'.
console.warn: SearchSettings: "get: No settings file exists, new profile?" (new Error("", "(unknown module)"))
1611627986726	Marionette	INFO	Listening on port 59745
1611627987103	Marionette	WARN	TLS certificate errors will be ignored for this session
1611628033124	Marionette	INFO	Stopped listening on port 59745

###!!! [Child][RunMessage] Error: Channel closing: too late to send/recv, messages will be lost

1611628045331	geckodriver	INFO	Listening on 127.0.0.1:59932
1611628049234	mozrunner::runner	INFO	Running command: "C:\\Program Files\\Mozilla Firefox\\firefox.exe" "--marionette" "-foreground" "-no-remote" "-profile" "C:\\Users\\ECHAT_~1\\AppData\\Local\\Temp\\rust_mozprofilewZGVeP"
Can't find symbol 'eglSwapBuffersWithDamageEXT'.
Can't find symbol 'eglSetDamageRegionKHR'.
console.warn: SearchSettings: "get: No settings file exists, new profile?" (new Error("", "(unknown module)"))
1611628053289	Marionette	INFO	Listening on port 59942
1611628053499	Marionette	WARN	TLS certificate errors will be ignored for this session
Handler function _httpStopRequest threw an exception: [Exception... "Component returned failure code: 0x80004005 (NS_ERROR_FAILURE) [nsITraceableChannel.setNewListener]"  nsresult: "0x80004005 (NS_ERROR_FAILURE)"  location: "JS frame :: resource://devtools/server/actors/network-monitor/network-observer.js :: _setupResponseListener :: line 1086"  data: no]
Stack: _setupResponseListener@resource://devtools/server/actors/network-monitor/network-observer.js:1086:38
_createNetworkEvent@resource://devtools/server/actors/network-monitor/network-observer.js:912:12
_httpStopRequest@resource://devtools/server/actors/network-monitor/network-observer.js:409:14
exports.makeInfallible/<@resource://devtools/shared/ThreadSafeDevToolsUtils.js:103:22
Line: 1086, column: 0
console.error: ({})
1611629668042	Marionette	INFO	Stopped listening on port 59942
1628333990	mozrunner::runner	INFO	Running command: "C:\\Program Files\\Mozilla Firefox\\firefox.exe" "--marionette" "-foreground" "-no-remote" "-profile" "C:\\Users\\ECHAT_~1\\AppData\\Local\\Temp\\rust_mozprofileXx0BYO"
Can't find symbol 'eglSwapBuffersWithDamageEXT'.
Can't find symbol 'eglSetDamageRegionKHR'.
console.warn: SearchSettings: "get: No settings file exists, new profile?" (new Error("", "(unknown module)"))
1611628338174	Marionette	INFO	Listening on port 60487
1611628338287	Marionette	WARN	TLS certificate errors will be ignored for this session
JavaScript error: , line 0: NotAllowedError: The play method is not allowed by the user agent or the platform in the current context, possibly because the user denied permission.
1611629669697	Marionette	INFO	Stopped listening on port 60487

###!!! [Child][RunMessage] Error: Channel closing: too late to send/recv, messages will be lost

1611633532825	geckodriver	INFO	Listening on 127.0.0.1:53560
1611633535856	mozrunner::runner	INFO	Running command: "C:\\Program Files\\Mozilla Firefox\\firefox.exe" "--marionette" "-foreground" "-no-remote" "-profile" "C:\\Users\\ECHAT_~1\\AppData\\Local\\Temp\\rust_mozprofileFCD9uZ"
Can't find symbol 'eglSwapBuffersWithDamageEXT'.
Can't find symbol 'eglSetDamageRegionKHR'.
console.warn: SearchSettings: "get: No settings file exists, new profile?" (new Error("", "(unknown module)"))
1611633540189	Marionette	INFO	Listening on port 53569
1611633540663	Marionette	WARN	TLS certificate errors will be ignored for this session
JavaScript error: https://chats.rainbowred.com/visitor/pc/js/chatviewpc_bbfa35f.js, line 2: TypeError: c.onloadFunction is not a function
1611633655522	Marionette	INFO	Stopped listening on port 53569

###!!! [Child][RunMessage] Error: Channel closing: too late to send/recv, messages will be lost

1611633669985	geckodriver	INFO	Listening on 127.0.0.1:53870
1611633673030	mozrunner::runner	INFO	Running command: "C:\\Program Files\\Mozilla Firefox\\firefox.exe" "--marionette" "-foreground" "-no-remote" "-profile" "C:\\Users\\ECHAT_~1\\AppData\\Local\\Temp\\rust_mozprofileuKBkk8"
Can't find symbol 'eglSwapBuffersWithDamageEXT'.
Can't find symbol 'eglSetDamageRegionKHR'.
console.warn: SearchSettings: "get: No settings file exists, new profile?" (new Error("", "(unknown module)"))
1611633677516	Marionette	INFO	Listening on port 53886
1611633677871	Marionette	WARN	TLS certificate errors will be ignored for this session
console.warn: services.settings: main/fxmonitor-breaches sync already running
JavaScript error: resource://gre/modules/Prompter.jsm, line 1190: NS_ERROR_NOT_AVAILABLE: prompt aborted by user
1611642578867	Marionette	INFO	Stopped listening on port 53886
1611907300201	geckodriver	INFO	Listening on 127.0.0.1:59837
1611907303221	mozrunner::runner	INFO	Running command: "C:\\Program Files\\Mozilla Firefox\\firefox.exe" "--marionette" "-foreground" "-no-remote" "-profile" "C:\\Users\\ECHAT_~1\\AppData\\Local\\Temp\\rust_mozprofileiDlQWz"
Can't find symbol 'eglSwapBuffersWithDamageEXT'.
Can't find symbol 'eglSetDamageRegionKHR'.
console.warn: SearchSettings: "get: No settings file exists, new profile?" (new Error("", "(unknown module)"))
1611907309122	Marionette	INFO	Listening on port 59847
1611907309488	Marionette	WARN	TLS certificate errors will be ignored for this session
JavaScript error: , line 0: NotAllowedError: The play method is not allowed by the user agent or the platform in the current context, possibly because the user denied permission.
[Parent 22404, Gecko_IOThread] WARNING: file /builds/worker/checkouts/gecko/ipc/chromium/src/base/process_util_win.cc:166
1611909218916	Marionette	INFO	Stopped listening on port 59847
egionKHR'.
console.warn: SearchSettings: "get: No settings file exists, new profile?" (new Error("", "(unknown module)"))
1611907443718	Marionette	INFO	Listening on port 60231
1611907444071	Marionette	WARN	TLS certificate errors will be ignored for this session
JavaScript error: , line 0: NotAllowedError: The play method is not allowed by the user agent or the platform in the current context, possibly because the user denied permission.
JavaScript error: , line 0: NotAllowedError: The play method is not allowed by the user agent or the platform in the current context, possibly because the user denied permission.
JavaScript error: , line 0: NotAllowedError: The play method is not allowed by the user agent or the platform in the current context, possibly because the user denied permission.
[Parent 29968, Gecko_IOThread] WARNING: file /builds/worker/checkouts/gecko/ipc/chromium/src/base/process_util_win.cc:166
1611909218939	Marionette	INFO	Stopped listening on port 60231

###!!! [Child][RunMessage] Error: Channel closing: too late to send/recv, messages will be lost

1611910672988	geckodriver	INFO	Listening on 127.0.0.1:50157
1611910676010	mozrunner::runner	INFO	Running command: "C:\\Program Files\\Mozilla Firefox\\firefox.exe" "--marionette" "-foreground" "-no-remote" "-profile" "C:\\Users\\ECHAT_~1\\AppData\\Local\\Temp\\rust_mozprofilet1larN"
Can't find symbol 'eglSwapBuffersWithDamageEXT'.
Can't find symbol 'eglSetDamageRegionKHR'.
console.warn: SearchSettings: "get: No settings file exists, new profile?" (new Error("", "(unknown module)"))
1611910682230	Marionette	INFO	Listening on port 50175
1611910682357	Marionette	WARN	TLS certificate errors will be ignored for this session
JavaScript error: , line 0: NotAllowedError: The play method is not allowed by the user agent or the platform in the current context, possibly because the user denied permission.
console.error: services.settings: 
  main/message-groups Signature failed  TypeError: NetworkError when attempting to fetch resource.
JavaScript error: , line 0: NotAllowedError: The play method is not allowed by the user agent or the platform in the current context, possibly because the user denied permission.
1611910931348	Marionette	INFO	Stopped listening on port 50175

###!!! [Child][RunMessage] Error: Channel closing: too late to send/recv, messages will be lost

 symbol 'eglSetDamageRegionKHR'.
console.warn: SearchSettings: "get: No settings file exists, new profile?" (new Error("", "(unknown module)"))
1611910884428	Marionette	INFO	Listening on port 50793
1611910884693	Marionette	WARN	TLS certificate errors will be ignored for this session
[Parent 29464, Gecko_IOThread] WARNING: file /builds/worker/checkouts/gecko/ipc/chromium/src/base/process_util_win.cc:166
1611910931529	Marionette	INFO	Stopped listening on port 50793

###!!! [Child][RunMessage] Error: Channel closing: too late to send/recv, messages will be lost

1611911608516	geckodriver	INFO	Listening on 127.0.0.1:52526
1611911611520	mozrunner::runner	INFO	Running command: "C:\\Program Files\\Mozilla Firefox\\firefox.exe" "--marionette" "-foreground" "-no-remote" "-profile" "C:\\Users\\ECHAT_~1\\AppData\\Local\\Temp\\rust_mozprofilehITQ2V"
Can't find symbol 'eglSwapBuffersWithDamageEXT'.
Can't find symbol 'eglSetDamageRegionKHR'.
console.warn: SearchSettings: "get: No settings file exists, new profile?" (new Error("", "(unknown module)"))
1611911616474	Marionette	INFO	Listening on port 52542
1611911616788	Marionette	WARN	TLS certificate errors will be ignored for this session
JavaScript error: , line 0: NotAllowedError: The play method is not allowed by the user agent or the platform in the current context, possibly because the user denied permission.
console.error: (new TypeError("nextProps.toolboxDoc.defaultView is null", "resource://devtools/client/shared/components/menu/MenuButton.js", 139))
console.error: (new TypeError("this.browser is undefined", "resource://devtools/client/responsive/components/App.js", 106))
JavaScript error: resource://devtools/client/shared/components/menu/MenuButton.js, line 139: TypeError: nextProps.toolboxDoc.defaultView is null
1611911899808	Marionette	INFO	Stopped listening on port 52542

###!!! [Child][RunMessage] Error: Channel closing: too late to send/recv, messages will be lost

1611912024683	geckodriver	INFO	Listening on 127.0.0.1:53518
1611912027699	mozrunner::runner	INFO	Running command: "C:\\Program Files\\Mozilla Firefox\\firefox.exe" "--marionette" "-foreground" "-no-remote" "-profile" "C:\\Users\\ECHAT_~1\\AppData\\Local\\Temp\\rust_mozprofileTvysX6"
Can't find symbol 'eglSwapBuffersWithDamageEXT'.
Can't find symbol 'eglSetDamageRegionKHR'.
console.warn: SearchSettings: "get: No settings file exists, new profile?" (new Error("", "(unknown module)"))
1611912032123	Marionette	INFO	Listening on port 53530
1611912032438	Marionette	WARN	TLS certificate errors will be ignored for this session
JavaScript error: , line 0: NotAllowedError: The play method is not allowed by the user agent or the platform in the current context, possibly because the user denied permission.
1611912119103	Marionette	INFO	Stopped listening on port 53530

###!!! [Child][RunMessage] Error: Channel closing: too late to send/recv, messages will be lost

"--marionette" "-foreground" "-no-remote" "-profile" "C:\\Users\\ECHAT_~1\\AppData\\Local\\Temp\\rust_mozprofilexVOjxe"
Can't find symbol 'eglSwapBuffersWithDamageEXT'.
Can't find symbol 'eglSetDamageRegionKHR'.
console.warn: SearchSettings: "get: No settings file exists, new profile?" (new Error("", "(unknown module)"))
1611912088193	Marionette	INFO	Listening on port 53730
1611912088524	Marionette	WARN	TLS certificate errors will be ignored for this session
[Parent 23724, Gecko_IOThread] WARNING: file /builds/worker/checkouts/gecko/ipc/chromium/src/base/process_util_win.cc:166
1611912124274	Marionette	INFO	Stopped listening on port 53730

###!!! [Child][RunMessage] Error: Channel closing: too late to send/recv, messages will be lost

1611912174006	geckodriver	INFO	Listening on 127.0.0.1:53954
1611912177026	mozrunner::runner	INFO	Running command: "C:\\Program Files\\Mozilla Firefox\\firefox.exe" "--marionette" "-foreground" "-no-remote" "-profile" "C:\\Users\\ECHAT_~1\\AppData\\Local\\Temp\\rust_mozprofile7nrSaA"
Can't find symbol 'eglSwapBuffersWithDamageEXT'.
Can't find symbol 'eglSetDamageRegionKHR'.
console.warn: SearchSettings: "get: No settings file exists, new profile?" (new Error("", "(unknown module)"))
1611912181901	Marionette	INFO	Listening on port 53964
1611912182266	Marionette	WARN	TLS certificate errors will be ignored for this session
JavaScript error: , line 0: NotAllowedError: The play method is not allowed by the user agent or the platform in the current context, possibly because the user denied permission.
JavaScript error: , line 0: NotAllowedError: The play method is not allowed by the user agent or the platform in the current context, possibly because the user denied permission.
JavaScript error: , line 0: NotAllowedError: The play method is not allowed by the user agent or the platform in the current context, possibly because the user denied permission.
JavaScript error: resource://activity-stream/lib/ASRouter.jsm, line 987: NS_ERROR_ILLEGAL_VALUE: Component returned failure code: 0x80070057 (NS_ERROR_ILLEGAL_VALUE) [nsIObserverService.removeObserver]
console.error: services.settings: 
  main/message-groups Signature failed  TypeError: NetworkError when attempting to fetch resource.
1611912305665	Marionette	INFO	Stopped listening on port 53964

###!!! [Child][RunMessage] Error: Channel closing: too late to send/recv, messages will be lost

