1610951914225	geckodriver	INFO	Listening on 127.0.0.1:56811
1610951917273	mozrunner::runner	INFO	Running command: "C:\\Program Files\\Mozilla Firefox\\firefox.exe" "--marionette" "-foreground" "-no-remote" "-profile" "C:\\Users\\ECHAT_~1\\AppData\\Local\\Temp\\rust_mozprofiletToGwJ"
Can't find symbol 'eglSwapBuffersWithDamageEXT'.
Can't find symbol 'eglSetDamageRegionKHR'.
console.warn: SearchSettings: "get: No settings file exists, new profile?" (new Error("", "(unknown module)"))
1610951921448	Marionette	INFO	Listening on port 56823
1610951921537	Marionette	WARN	TLS certificate errors will be ignored for this session
JavaScript error: http://e.echatsoft.com/login-page/js/login.global.js, line 466: TypeError: comp.companyId is undefined
JavaScript error: http://e.echatsoft.com/login-page/js/login.global.js, line 466: TypeError: comp.companyId is undefined
JavaScript error : http://e.echatsoft.com/login-page/js/login.global.js, line 466: TypeError: comp.companyId is undefined
JavaScript error: http://e.echatsoft.com/login-page/js/login.global.js, line 466: TypeError: comp.companyId is undefined
JavaScript error: http://e.echatsoft.com/login-page/js/login.global.js, line 466: TypeError: comp.companyId is undefined
JavaScript error: http://e.echatsoft.com/login-page/js/login.global.js, line 466: TypeError: comp.companyId is undefined
console.error: "Error while calling actor 'domnode's method 'getImageData'" (void 0)
Handler function _httpStopRequest threw an exception: [Exception... "Component returned failure code: 0x80004005 (NS_ERROR_FAILURE) [nsITraceableChannel.setNewListener]"  nsresult: "0x80004005 (NS_ERROR_FAILURE)"  location: "JS frame :: resource://devtools/server/actors/network-monitor/network-observer.js :: _setupResponseListener :: line 1086"  data: no]
Stack: _setupResponseListener@resource://devtools/server/actors/network-monitor/network-observer.js:1086:38
_createNetworkEvent@resource://devtools/server/actors/network-monitor/network-observer.js:912:12
_httpStopRequest@resource://devtools/server/actors/network-monitor/network-observer.js:409:14
exports.makeInfallible/<@resource://devtools/shared/ThreadSafeDevToolsUtils.js:103:22
Line: 1086, column: 0
console.error: ({})
console.error: services.settings: 
  main/partitioning-exempt-urls Signature failed  TypeError: NetworkError when attempting to fetch resource.
JavaScript error: resource://devtools/client/inspector/markup/views/element-editor.js, line 508: TypeError: this.node.walkerFront is null
JavaScript error: resource://devtools/client/inspector/markup/views/element-editor.js, line 508: TypeError: this.node.walkerFront is null
JavaScript error: resource://devtools/client/inspector/markup/views/element-editor.js, line 508: TypeError: this.node.walkerFront is null
JavaScript error: resource://devtools/client/inspector/markup/views/element-editor.js, line 508: TypeError: this.node.walkerFront is null
JavaScript error: https://dss1.bdstatic.com/5eN1bjq8AAUYm2zgoY3K/r/www/cache/static/protocol/https/plugins/every_cookie_4644b13.js, line 4: ReferenceError: c is not defined
JavaScript warning: https://csdnimg.cn/public/common/libs/jquery/jquery-1.9.1.min.js, line 2: Using //@ to indicate sourceMappingURL pragmas is deprecated. Use //# instead
JavaScript error: https://g.csdnimg.cn/tingyun/1.8.3/blog.js, line 1: uncaught exception: TagError: adsbygoogle.push() error: No slot size for availableWidth=0
Can't find symbol 'eglSwapBuffersWithDamageEXT'.
Can't find symbol 'eglSetDamageRegionKHR'.
JavaScript warning: https://g.alicdn.com/AWSC/WebUMID/1.87.0/um.js, line 7: WebGL context was lost.
JavaScript warning: https://g.alicdn.com/AWSC/WebUMID/1.87.0/um.js, line 7: WebGL context was lost.
JavaScript warning: https://csdnimg.cn/public/common/libs/jquery/jquery-1.9.1.min.js, line 2: Using //@ to indicate sourceMappingURL pragmas is deprecated. Use //# instead
JavaScript error: https://g.csdnimg.cn/tingyun/1.8.3/blog.js, line 1: uncaught exception: TagError: adsbygoogle.push() error: No slot size for availableWidth=0
JavaScript warning: https://csdnimg.cn/public/common/libs/jquery/jquery-1.9.1.min.js, line 2: Using //@ to indicate sourceMappingURL pragmas is deprecated. Use //# instead
JavaScript warning: https://static.zhihu.com/heifetz/main.zswsdid.f05190a220ad01387dfd.js, line 1: WebGL context was lost.
JavaScript warning: https://static.zhihu.com/heifetz/main.zswsdid.f05190a220ad01387dfd.js, line 1: WebGL context was lost.
JavaScript warning: https://static.zhihu.com/heifetz/main.zswsdid.f05190a220ad01387dfd.js, line 1: WebGL context was lost.
JavaScript warning: https://static.zhihu.com/heifetz/main.zswsdid.f05190a220ad01387dfd.js, line 1: WebGL context was lost.
Can't find symbol 'eglSwapBuffersWithDamageEXT'.
Can't find symbol 'eglSetDamageRegionKHR'.
JavaScript warning: https://static.zhihu.com/heifetz/errorpage.zswsdid.df092e49f17897affa8d.js, line 1: WebGL context was lost.
JavaScript warning: https://static.zhihu.com/heifetz/errorpage.zswsdid.df092e49f17897affa8d.js, line 1: WebGL context was lost.
JavaScript warning: https://static.zhihu.com/heifetz/errorpage.zswsdid.df092e49f17897affa8d.js, line 1: WebGL context was lost.
JavaScript warning: https://static.zhihu.com/heifetz/errorpage.zswsdid.df092e49f17897affa8d.js, line 1: WebGL context was lost.
1610966053666	Marionette	INFO	Stopped listening on port 56823
login-page/js/login.global.js, line 466: TypeError: comp.companyId is undefined
JavaScript error: http://e.echatsoft.com/login-page/js/login.global.js, line 466: TypeError: comp.companyId is undefined
JavaScript error: http://e.echatsoft.com/login-page/js/login.global.js, line 466: TypeError: comp.companyId is undefined
JavaScript error: http://e.echatsoft.com/login-page/js/login.global.js, line 466: TypeError: comp.companyId is undefined
JavaScript error: http://e.echatsoft.com/login-page/js/login.global.js, line 466: TypeError: comp.companyId is undefined
JavaScript error: http://e.echatsoft.com/login-page/js/login.global.js, line 466: TypeError: comp.companyId is undefined
JavaScript error: , line 0: NotFoundError: No such JSWindowActor 'MarionetteEvents'
[Parent 1160, Gecko_IOThread] WARNING: file /builds/worker/checkouts/gecko/ipc/chromium/src/base/process_util_win.cc:166
1610954284810	Marionette	INFO	Stopped listening on port 59819

###!!! [Child][RunMessage] Error: Channel closing: too late to send/recv, messages will be lost

